
info [Tue Apr 18 2017 19:36:02 GMT+0900 (KST)]  :method + :date

info [Tue Apr 18 2017 19:42:43 GMT+0900 (KST)]  create

info [Tue Apr 18 2017 19:44:32 GMT+0900 (KST)]  create
info [Tue Apr 18 2017 19:44:32 GMT+0900 (KST)]  알람 생성 완료!!
info [Tue Apr 18 2017 19:44:52 GMT+0900 (KST)]  create
info [Tue Apr 18 2017 19:44:52 GMT+0900 (KST)]  "my_alarm" 으로 등록된 알람이 이미 있습니다. 다른 이름으로 등록해주세요.
info [Tue Apr 18 2017 19:44:54 GMT+0900 (KST)]  off
info [Tue Apr 18 2017 19:44:54 GMT+0900 (KST)]  "my_alarm" 으로 등록된 알람이 이미 있습니다. 다른 이름으로 등록해주세요.
info [Tue Apr 18 2017 19:45:24 GMT+0900 (KST)]  off
info [Tue Apr 18 2017 19:45:24 GMT+0900 (KST)]  "my_alarm" 으로 등록된 알람이 이미 있습니다. 다른 이름으로 등록해주세요.
info [Tue Apr 18 2017 19:46:33 GMT+0900 (KST)]  off

info [Tue Apr 18 2017 19:48:28 GMT+0900 (KST)]  create
info [Tue Apr 18 2017 19:48:28 GMT+0900 (KST)]  알람 생성 완료!!
info [Tue Apr 18 2017 19:48:39 GMT+0900 (KST)]  create
info [Tue Apr 18 2017 19:48:39 GMT+0900 (KST)]  "my_alarm" 으로 등록된 알람이 이미 있습니다. 다른 이름으로 등록해주세요.
info [Tue Apr 18 2017 19:48:41 GMT+0900 (KST)]  off

info [Tue Apr 18 2017 19:48:57 GMT+0900 (KST)]  off
info [Tue Apr 18 2017 19:48:57 GMT+0900 (KST)]  "my_alarm" 으로 등록된 알람이 없습니다.
info [Tue Apr 18 2017 19:48:57 GMT+0900 (KST)]  create
info [Tue Apr 18 2017 19:48:57 GMT+0900 (KST)]  알람 생성 완료!!
info [Tue Apr 18 2017 19:49:00 GMT+0900 (KST)]  create
info [Tue Apr 18 2017 19:49:00 GMT+0900 (KST)]  "my_alarm" 으로 등록된 알람이 이미 있습니다. 다른 이름으로 등록해주세요.
info [Tue Apr 18 2017 19:49:01 GMT+0900 (KST)]  create
info [Tue Apr 18 2017 19:49:01 GMT+0900 (KST)]  "my_alarm" 으로 등록된 알람이 이미 있습니다. 다른 이름으로 등록해주세요.
info [Tue Apr 18 2017 19:49:09 GMT+0900 (KST)]  off
info [Tue Apr 18 2017 19:49:09 GMT+0900 (KST)]  "my_alarm" 으로 등록된 알람이 중지 되었습니다.
info [Tue Apr 18 2017 19:49:09 GMT+0900 (KST)]  off
info [Tue Apr 18 2017 19:49:09 GMT+0900 (KST)]  "my_alarm" 으로 등록된 알람이 중지 되었습니다.
info [Tue Apr 18 2017 19:51:16 GMT+0900 (KST)]  on
info [Tue Apr 18 2017 19:51:16 GMT+0900 (KST)]  "my_alarm" 으로 등록된 알람이 중지 되었습니다.

info [Tue Apr 18 2017 19:51:54 GMT+0900 (KST)]  create
info [Tue Apr 18 2017 19:51:54 GMT+0900 (KST)]  알람 생성 완료!!
info [Tue Apr 18 2017 19:51:55 GMT+0900 (KST)]  create
info [Tue Apr 18 2017 19:51:55 GMT+0900 (KST)]  "my_alarm" 으로 등록된 알람이 이미 있습니다. 다른 이름으로 등록해주세요.
info [Tue Apr 18 2017 19:52:03 GMT+0900 (KST)]  off
info [Tue Apr 18 2017 19:52:03 GMT+0900 (KST)]  "my_alarm" 으로 등록된 알람이 중지 되었습니다.
info [Tue Apr 18 2017 19:52:04 GMT+0900 (KST)]  off
info [Tue Apr 18 2017 19:52:04 GMT+0900 (KST)]  "my_alarm" 으로 등록된 알람이 중지 되었습니다.
info [Tue Apr 18 2017 19:52:08 GMT+0900 (KST)]  on
info [Tue Apr 18 2017 19:52:08 GMT+0900 (KST)]  "my_alarm" 으로 등록된 알람이 중지 되었습니다.
info [Tue Apr 18 2017 19:52:08 GMT+0900 (KST)]  on
info [Tue Apr 18 2017 19:52:08 GMT+0900 (KST)]  "my_alarm" 으로 등록된 알람이 중지 되었습니다.
info [Tue Apr 18 2017 19:52:19 GMT+0900 (KST)]  on
info [Tue Apr 18 2017 19:52:19 GMT+0900 (KST)]  "my_alarm" 으로 등록된 알람이 중지 되었습니다.

info [Tue Apr 18 2017 19:55:54 GMT+0900 (KST)]  create
info [Tue Apr 18 2017 19:55:54 GMT+0900 (KST)]  알람 생성 완료!!
info [Tue Apr 18 2017 19:55:55 GMT+0900 (KST)]  create
info [Tue Apr 18 2017 19:55:55 GMT+0900 (KST)]  "my_alarm" 으로 등록된 알람이 이미 있습니다. 다른 이름으로 등록해주세요.
info [Tue Apr 18 2017 19:55:58 GMT+0900 (KST)]  create
info [Tue Apr 18 2017 19:55:58 GMT+0900 (KST)]  "my_alarm" 으로 등록된 알람이 이미 있습니다. 다른 이름으로 등록해주세요.
info [Tue Apr 18 2017 19:56:03 GMT+0900 (KST)]  off
info [Tue Apr 18 2017 19:56:03 GMT+0900 (KST)]  off

info [Tue Apr 18 2017 19:56:59 GMT+0900 (KST)]  create
info [Tue Apr 18 2017 19:56:59 GMT+0900 (KST)]  알람 생성 완료!!
info [Tue Apr 18 2017 19:57:00 GMT+0900 (KST)]  create
info [Tue Apr 18 2017 19:57:00 GMT+0900 (KST)]  "my_alarm" 으로 등록된 알람이 이미 있습니다. 다른 이름으로 등록해주세요.
info [Tue Apr 18 2017 19:57:05 GMT+0900 (KST)]  off
info [Tue Apr 18 2017 19:57:05 GMT+0900 (KST)]  "my_alarm" 으로 등록된 알람이 이미 있습니다. 다른 이름으로 등록해주세요.
info [Tue Apr 18 2017 19:57:05 GMT+0900 (KST)]  off
info [Tue Apr 18 2017 19:57:05 GMT+0900 (KST)]  "my_alarm" 으로 등록된 알람이 이미 있습니다. 다른 이름으로 등록해주세요.

info [Tue Apr 18 2017 19:58:17 GMT+0900 (KST)]  create
info [Tue Apr 18 2017 19:58:17 GMT+0900 (KST)]  알람 생성 완료!!
info [Tue Apr 18 2017 19:58:18 GMT+0900 (KST)]  create
info [Tue Apr 18 2017 19:58:18 GMT+0900 (KST)]  "my_alarm" 으로 등록된 알람이 이미 있습니다. 다른 이름으로 등록해주세요.
info [Tue Apr 18 2017 19:58:23 GMT+0900 (KST)]  off
info [Tue Apr 18 2017 19:58:24 GMT+0900 (KST)]  off

info [Tue Apr 18 2017 19:58:40 GMT+0900 (KST)]  create
info [Tue Apr 18 2017 19:58:40 GMT+0900 (KST)]  알람 생성 완료!!
info [Tue Apr 18 2017 19:58:40 GMT+0900 (KST)]  create
info [Tue Apr 18 2017 19:58:40 GMT+0900 (KST)]  "my_alarm" 으로 등록된 알람이 이미 있습니다. 다른 이름으로 등록해주세요.
info [Tue Apr 18 2017 19:58:44 GMT+0900 (KST)]  off

info [Tue Apr 18 2017 20:00:00 GMT+0900 (KST)]  off
info [Tue Apr 18 2017 20:00:00 GMT+0900 (KST)]  "my_alarm" 으로 등록된 알람이 없습니다.
info [Tue Apr 18 2017 20:00:01 GMT+0900 (KST)]  create
info [Tue Apr 18 2017 20:00:15 GMT+0900 (KST)]  알람 생성 완료!!

info [Tue Apr 18 2017 20:00:39 GMT+0900 (KST)]  create


info [Tue Apr 18 2017 20:01:44 GMT+0900 (KST)]  create
info [Tue Apr 18 2017 20:02:00 GMT+0900 (KST)]  알람 생성 완료!!
info [Tue Apr 18 2017 20:02:03 GMT+0900 (KST)]  create
info [Tue Apr 18 2017 20:02:09 GMT+0900 (KST)]  "my_alarm" 으로 등록된 알람이 이미 있습니다. 다른 이름으로 등록해주세요.
info [Tue Apr 18 2017 20:02:17 GMT+0900 (KST)]  off
info [Tue Apr 18 2017 20:02:17 GMT+0900 (KST)]  "my_alarm" 으로 등록된 알람이 중지 되었습니다.
info [Tue Apr 18 2017 20:02:21 GMT+0900 (KST)]  off
info [Tue Apr 18 2017 20:02:21 GMT+0900 (KST)]  "my_alarm" 으로 등록된 알람이 중지 되었습니다.
info [Tue Apr 18 2017 20:03:00 GMT+0900 (KST)]  on
info [Tue Apr 18 2017 20:03:03 GMT+0900 (KST)]  "my_alarm" 으로 등록된 알람이 시작 되었습니다.
info [Tue Apr 18 2017 20:03:03 GMT+0900 (KST)]  on
info [Tue Apr 18 2017 20:03:04 GMT+0900 (KST)]  "my_alarm" 으로 등록된 알람이 시작 되었습니다.

info [Tue Apr 18 2017 20:08:10 GMT+0900 (KST)]  create
info [Tue Apr 18 2017 20:08:10 GMT+0900 (KST)]  알람 생성 완료!!
info [Tue Apr 18 2017 20:08:11 GMT+0900 (KST)]  create
info [Tue Apr 18 2017 20:08:11 GMT+0900 (KST)]  "my_alarm" 으로 등록된 알람이 이미 있습니다. 다른 이름으로 등록해주세요.
info [Tue Apr 18 2017 20:08:23 GMT+0900 (KST)]  off
info [Tue Apr 18 2017 20:08:23 GMT+0900 (KST)]  off

info [Tue Apr 18 2017 20:08:56 GMT+0900 (KST)]  create
info [Tue Apr 18 2017 20:08:56 GMT+0900 (KST)]  알람 생성 완료!!
info [Tue Apr 18 2017 20:08:57 GMT+0900 (KST)]  create
info [Tue Apr 18 2017 20:08:57 GMT+0900 (KST)]  "my_alarm" 으로 등록된 알람이 이미 있습니다. 다른 이름으로 등록해주세요.
info [Tue Apr 18 2017 20:09:02 GMT+0900 (KST)]  off
info [Tue Apr 18 2017 20:09:03 GMT+0900 (KST)]  on
info [Tue Apr 18 2017 20:09:03 GMT+0900 (KST)]  이미 켜져있는 알람입니다.
info [Tue Apr 18 2017 20:09:03 GMT+0900 (KST)]  on
info [Tue Apr 18 2017 20:09:03 GMT+0900 (KST)]  이미 켜져있는 알람입니다.

info [Tue Apr 18 2017 20:11:15 GMT+0900 (KST)]  off
info [Tue Apr 18 2017 20:11:15 GMT+0900 (KST)]  "my_alarm" 으로 등록된 알람이 없습니다.
info [Tue Apr 18 2017 20:11:15 GMT+0900 (KST)]  create
info [Tue Apr 18 2017 20:11:15 GMT+0900 (KST)]  알람 생성 완료!!
info [Tue Apr 18 2017 20:11:16 GMT+0900 (KST)]  create
info [Tue Apr 18 2017 20:11:16 GMT+0900 (KST)]  "my_alarm" 으로 등록된 알람이 이미 있습니다. 다른 이름으로 등록해주세요.
info [Tue Apr 18 2017 20:11:23 GMT+0900 (KST)]  off
info [Tue Apr 18 2017 20:11:24 GMT+0900 (KST)]  off

info [Tue Apr 18 2017 20:12:26 GMT+0900 (KST)]  create
info [Tue Apr 18 2017 20:12:26 GMT+0900 (KST)]  알람 생성 완료!!
info [Tue Apr 18 2017 20:12:28 GMT+0900 (KST)]  create
info [Tue Apr 18 2017 20:12:28 GMT+0900 (KST)]  "my_alarm" 으로 등록된 알람이 이미 있습니다. 다른 이름으로 등록해주세요.
info [Tue Apr 18 2017 20:12:29 GMT+0900 (KST)]  create
info [Tue Apr 18 2017 20:12:29 GMT+0900 (KST)]  "my_alarm" 으로 등록된 알람이 이미 있습니다. 다른 이름으로 등록해주세요.
info [Tue Apr 18 2017 20:12:34 GMT+0900 (KST)]  off

info [Tue Apr 18 2017 20:12:59 GMT+0900 (KST)]  off
info [Tue Apr 18 2017 20:13:06 GMT+0900 (KST)]  "my_alarm" 으로 등록된 알람이 없습니다.
info [Tue Apr 18 2017 20:13:10 GMT+0900 (KST)]  create
info [Tue Apr 18 2017 20:13:10 GMT+0900 (KST)]  알람 생성 완료!!
info [Tue Apr 18 2017 20:13:11 GMT+0900 (KST)]  create
info [Tue Apr 18 2017 20:13:11 GMT+0900 (KST)]  "my_alarm" 으로 등록된 알람이 이미 있습니다. 다른 이름으로 등록해주세요.

info [Tue Apr 18 2017 20:51:18 GMT+0900 (KST)]  create
info [Tue Apr 18 2017 20:51:18 GMT+0900 (KST)]  job 을 찾을 수 없습니다. ("my_alarm")
info [Tue Apr 18 2017 20:51:18 GMT+0900 (KST)]  알람 생성 완료!!
info [Tue Apr 18 2017 20:51:27 GMT+0900 (KST)]  off
info [Tue Apr 18 2017 20:51:27 GMT+0900 (KST)]  job 을 찾을 수 없습니다. ("my_alarm")
info [Tue Apr 18 2017 20:51:27 GMT+0900 (KST)]  "my_alarm" 으로 등록된 알람이 중지 되었습니다.
info [Tue Apr 18 2017 20:51:27 GMT+0900 (KST)]  off
info [Tue Apr 18 2017 20:51:27 GMT+0900 (KST)]  이미 꺼져있는 알람 입니다.
info [Tue Apr 18 2017 20:51:35 GMT+0900 (KST)]  on
info [Tue Apr 18 2017 20:51:35 GMT+0900 (KST)]  job 을 찾을 수 없습니다. ("my_alarm")
info [Tue Apr 18 2017 20:51:36 GMT+0900 (KST)]  on
info [Tue Apr 18 2017 20:51:36 GMT+0900 (KST)]  이미 켜져있는 알람입니다.

info [Tue Apr 18 2017 20:53:04 GMT+0900 (KST)]  create
info [Tue Apr 18 2017 20:53:04 GMT+0900 (KST)]  job 을 찾을 수 없습니다. ("my_alarm")
info [Tue Apr 18 2017 20:53:04 GMT+0900 (KST)]  알람 생성 완료!!
info [Tue Apr 18 2017 20:53:04 GMT+0900 (KST)]  create
info [Tue Apr 18 2017 20:53:04 GMT+0900 (KST)]  "my_alarm" 으로 등록된 알람이 이미 있습니다. 다른 이름으로 등록해주세요.
info [Tue Apr 18 2017 20:53:15 GMT+0900 (KST)]  off
info [Tue Apr 18 2017 20:53:15 GMT+0900 (KST)]  job 을 찾을 수 없습니다. ("my_alarm")
info [Tue Apr 18 2017 20:53:15 GMT+0900 (KST)]  "my_alarm" 으로 등록된 알람이 중지 되었습니다.
info [Tue Apr 18 2017 20:53:16 GMT+0900 (KST)]  off
info [Tue Apr 18 2017 20:53:16 GMT+0900 (KST)]  이미 꺼져있는 알람 입니다.
info [Tue Apr 18 2017 20:53:20 GMT+0900 (KST)]  on
info [Tue Apr 18 2017 20:53:20 GMT+0900 (KST)]  job 을 찾을 수 없습니다. ("my_alarm")
info [Tue Apr 18 2017 20:53:20 GMT+0900 (KST)]  "my_alarm" 으로 등록된 알람이 시작 되었습니다.

info [Tue Apr 18 2017 20:54:41 GMT+0900 (KST)]  off
info [Tue Apr 18 2017 20:54:41 GMT+0900 (KST)]  "my_alarm" 으로 등록된 알람이 없습니다.
info [Tue Apr 18 2017 20:54:41 GMT+0900 (KST)]  create
info [Tue Apr 18 2017 20:54:41 GMT+0900 (KST)]  알람 생성 완료!!
info [Tue Apr 18 2017 20:54:42 GMT+0900 (KST)]  create
info [Tue Apr 18 2017 20:54:42 GMT+0900 (KST)]  "my_alarm" 으로 등록된 알람이 이미 있습니다. 다른 이름으로 등록해주세요.
info [Tue Apr 18 2017 20:54:49 GMT+0900 (KST)]  off
info [Tue Apr 18 2017 20:54:49 GMT+0900 (KST)]  "my_alarm" 으로 등록된 알람이 중지 되었습니다.
info [Tue Apr 18 2017 20:54:55 GMT+0900 (KST)]  on
info [Tue Apr 18 2017 20:54:55 GMT+0900 (KST)]  job이 이미 등록되어 있습니다. ("my_alarm")
info [Tue Apr 18 2017 20:54:55 GMT+0900 (KST)]  "my_alarm" 으로 등록된 알람이 시작 되었습니다.

info [Tue Apr 18 2017 20:55:50 GMT+0900 (KST)]  create
info [Tue Apr 18 2017 20:56:41 GMT+0900 (KST)]  알람 생성 완료!!
info [Tue Apr 18 2017 20:58:31 GMT+0900 (KST)]  off
info [Tue Apr 18 2017 20:58:31 GMT+0900 (KST)]  "my_alarm" 으로 등록된 알람이 중지 되었습니다.
info [Tue Apr 18 2017 20:58:31 GMT+0900 (KST)]  off
info [Tue Apr 18 2017 20:58:31 GMT+0900 (KST)]  이미 꺼져있는 알람 입니다.
info [Tue Apr 18 2017 20:58:41 GMT+0900 (KST)]  on
info [Tue Apr 18 2017 20:59:17 GMT+0900 (KST)]  job이 이미 등록되어 있습니다. ("my_alarm")
info [Tue Apr 18 2017 20:59:17 GMT+0900 (KST)]  "my_alarm" 으로 등록된 알람이 시작 되었습니다.
info [Tue Apr 18 2017 20:59:17 GMT+0900 (KST)]  on
info [Tue Apr 18 2017 20:59:17 GMT+0900 (KST)]  이미 켜져있는 알람입니다.

info [Tue Apr 18 2017 20:59:47 GMT+0900 (KST)]  create
info [Tue Apr 18 2017 20:59:47 GMT+0900 (KST)]  알람 생성 완료!!
info [Tue Apr 18 2017 20:59:48 GMT+0900 (KST)]  create
info [Tue Apr 18 2017 20:59:48 GMT+0900 (KST)]  "my_alarm" 으로 등록된 알람이 이미 있습니다. 다른 이름으로 등록해주세요.
info [Tue Apr 18 2017 20:59:53 GMT+0900 (KST)]  off
info [Tue Apr 18 2017 20:59:53 GMT+0900 (KST)]  "my_alarm" 으로 등록된 알람이 중지 되었습니다.
info [Tue Apr 18 2017 20:59:53 GMT+0900 (KST)]  off
info [Tue Apr 18 2017 20:59:53 GMT+0900 (KST)]  이미 꺼져있는 알람 입니다.
info [Tue Apr 18 2017 20:59:58 GMT+0900 (KST)]  on
info [Tue Apr 18 2017 20:59:58 GMT+0900 (KST)]  "my_alarm" 으로 등록된 알람이 시작 되었습니다.
info [Tue Apr 18 2017 20:59:58 GMT+0900 (KST)]  on
info [Tue Apr 18 2017 20:59:58 GMT+0900 (KST)]  이미 켜져있는 알람입니다.
info [Tue Apr 18 2017 21:00:07 GMT+0900 (KST)]  on
info [Tue Apr 18 2017 21:00:07 GMT+0900 (KST)]  이미 켜져있는 알람입니다.
info [Tue Apr 18 2017 21:00:27 GMT+0900 (KST)]  remove
info [Tue Apr 18 2017 21:00:27 GMT+0900 (KST)]  "my_alarm" 알람을 제거하였습니다.
info [Tue Apr 18 2017 21:01:27 GMT+0900 (KST)]  create
info [Tue Apr 18 2017 21:01:27 GMT+0900 (KST)]  알람 생성 완료!!
info [Tue Apr 18 2017 21:01:28 GMT+0900 (KST)]  create
info [Tue Apr 18 2017 21:01:28 GMT+0900 (KST)]  "my_alarm" 으로 등록된 알람이 이미 있습니다. 다른 이름으로 등록해주세요.
info [Tue Apr 18 2017 21:01:40 GMT+0900 (KST)]  off
info [Tue Apr 18 2017 21:01:40 GMT+0900 (KST)]  "my_alarm" 으로 등록된 알람이 중지 되었습니다.
info [Tue Apr 18 2017 21:01:40 GMT+0900 (KST)]  off
info [Tue Apr 18 2017 21:01:40 GMT+0900 (KST)]  이미 꺼져있는 알람 입니다.
